<?xml version="1.0" encoding="UTF-8" ?>
<testsuite failures="0" time="4.288" errors="0" skipped="0" tests="1" name="edu.chl.jesjos.jpa.CustomerTest">
  <properties>
    <property name="java.runtime.name" value="Java(TM) SE Runtime Environment"/>
    <property name="sun.boot.library.path" value="/System/Library/Java/JavaVirtualMachines/1.6.0.jdk/Contents/Libraries"/>
    <property name="java.vm.version" value="20.1-b02-383"/>
    <property name="awt.nativeDoubleBuffering" value="true"/>
    <property name="gopherProxySet" value="false"/>
    <property name="mrj.build" value="11A511"/>
    <property name="java.vm.vendor" value="Apple Inc."/>
    <property name="java.vendor.url" value="http://www.apple.com/"/>
    <property name="path.separator" value=":"/>
    <property name="java.vm.name" value="Java HotSpot(TM) 64-Bit Server VM"/>
    <property name="file.encoding.pkg" value="sun.io"/>
    <property name="user.country" value="SE"/>
    <property name="sun.java.launcher" value="SUN_STANDARD"/>
    <property name="sun.os.patch.level" value="unknown"/>
    <property name="java.vm.specification.name" value="Java Virtual Machine Specification"/>
    <property name="user.dir" value="/Users/jesper/Documents/wa/web-apps/workshops/jpa"/>
    <property name="java.runtime.version" value="1.6.0_26-b03-383-11A511"/>
    <property name="java.awt.graphicsenv" value="apple.awt.CGraphicsEnvironment"/>
    <property name="basedir" value="/Users/jesper/Documents/wa/web-apps/workshops/jpa"/>
    <property name="java.endorsed.dirs" value="/System/Library/Java/JavaVirtualMachines/1.6.0.jdk/Contents/Home/lib/endorsed"/>
    <property name="os.arch" value="x86_64"/>
    <property name="surefire.real.class.path" value="/Users/jesper/Documents/wa/web-apps/workshops/jpa/target/surefire/surefirebooter4360088320193871665.jar"/>
    <property name="java.io.tmpdir" value="/var/folders/cx/vtstdwkd37g97t2r24zkyrkr0000gn/T/"/>
    <property name="line.separator" value="
"/>
    <property name="java.vm.specification.vendor" value="Sun Microsystems Inc."/>
    <property name="os.name" value="Mac OS X"/>
    <property name="sun.jnu.encoding" value="MacRoman"/>
    <property name="java.library.path" value=".:/Library/Java/Extensions:/System/Library/Java/Extensions:/usr/lib/java"/>
    <property name="surefire.test.class.path" value="/Users/jesper/Documents/wa/web-apps/workshops/jpa/target/test-classes:/Users/jesper/Documents/wa/web-apps/workshops/jpa/target/classes:/Users/jesper/.m2/repository/org/eclipse/persistence/eclipselink/2.0.0/eclipselink-2.0.0.jar:/Users/jesper/.m2/repository/org/eclipse/persistence/org.eclipse.persistence.jpa.modelgen.processor/2.2.0/org.eclipse.persistence.jpa.modelgen.processor-2.2.0.jar:/Users/jesper/.m2/repository/junit/junit/4.8.2/junit-4.8.2.jar:/Users/jesper/.m2/repository/org/eclipse/persistence/javax.persistence/2.0.3/javax.persistence-2.0.3.jar:/Users/jesper/.m2/repository/org/apache/derby/derbyclient/10.6.1.0/derbyclient-10.6.1.0.jar:/Users/jesper/.m2/repository/javax/javaee-web-api/6.0/javaee-web-api-6.0.jar:/Users/jesper/.m2/repository/org/apache/derby/derby/10.6.1.0/derby-10.6.1.0.jar:"/>
    <property name="java.specification.name" value="Java Platform API Specification"/>
    <property name="java.class.version" value="50.0"/>
    <property name="sun.management.compiler" value="HotSpot 64-Bit Tiered Compilers"/>
    <property name="os.version" value="10.7.1"/>
    <property name="http.nonProxyHosts" value="local|*.local|169.254/16|*.169.254/16"/>
    <property name="user.home" value="/Users/jesper"/>
    <property name="user.timezone" value="Europe/Stockholm"/>
    <property name="java.awt.printerjob" value="apple.awt.CPrinterJob"/>
    <property name="java.specification.version" value="1.6"/>
    <property name="file.encoding" value="MacRoman"/>
    <property name="user.name" value="jesper"/>
    <property name="java.class.path" value="/Users/jesper/Documents/wa/web-apps/workshops/jpa/target/test-classes:/Users/jesper/Documents/wa/web-apps/workshops/jpa/target/classes:/Users/jesper/.m2/repository/org/eclipse/persistence/eclipselink/2.0.0/eclipselink-2.0.0.jar:/Users/jesper/.m2/repository/org/eclipse/persistence/org.eclipse.persistence.jpa.modelgen.processor/2.2.0/org.eclipse.persistence.jpa.modelgen.processor-2.2.0.jar:/Users/jesper/.m2/repository/junit/junit/4.8.2/junit-4.8.2.jar:/Users/jesper/.m2/repository/org/eclipse/persistence/javax.persistence/2.0.3/javax.persistence-2.0.3.jar:/Users/jesper/.m2/repository/org/apache/derby/derbyclient/10.6.1.0/derbyclient-10.6.1.0.jar:/Users/jesper/.m2/repository/javax/javaee-web-api/6.0/javaee-web-api-6.0.jar:/Users/jesper/.m2/repository/org/apache/derby/derby/10.6.1.0/derby-10.6.1.0.jar:"/>
    <property name="java.vm.specification.version" value="1.0"/>
    <property name="sun.arch.data.model" value="64"/>
    <property name="java.home" value="/System/Library/Java/JavaVirtualMachines/1.6.0.jdk/Contents/Home"/>
    <property name="sun.java.command" value="/Users/jesper/Documents/wa/web-apps/workshops/jpa/target/surefire/surefirebooter4360088320193871665.jar /Users/jesper/Documents/wa/web-apps/workshops/jpa/target/surefire/surefire7253138946178139931tmp /Users/jesper/Documents/wa/web-apps/workshops/jpa/target/surefire/surefire3169097454877002583tmp"/>
    <property name="java.specification.vendor" value="Sun Microsystems Inc."/>
    <property name="user.language" value="sv"/>
    <property name="awt.toolkit" value="apple.awt.CToolkit"/>
    <property name="java.vm.info" value="mixed mode"/>
    <property name="java.version" value="1.6.0_26"/>
    <property name="java.ext.dirs" value="/Library/Java/Extensions:/System/Library/Java/Extensions:/System/Library/Java/JavaVirtualMachines/1.6.0.jdk/Contents/Home/lib/ext"/>
    <property name="sun.boot.class.path" value="/System/Library/Java/JavaVirtualMachines/1.6.0.jdk/Contents/Classes/jsfd.jar:/System/Library/Java/JavaVirtualMachines/1.6.0.jdk/Contents/Classes/classes.jar:/System/Library/Frameworks/JavaVM.framework/Frameworks/JavaRuntimeSupport.framework/Resources/Java/JavaRuntimeSupport.jar:/System/Library/Java/JavaVirtualMachines/1.6.0.jdk/Contents/Classes/ui.jar:/System/Library/Java/JavaVirtualMachines/1.6.0.jdk/Contents/Classes/laf.jar:/System/Library/Java/JavaVirtualMachines/1.6.0.jdk/Contents/Classes/sunrsasign.jar:/System/Library/Java/JavaVirtualMachines/1.6.0.jdk/Contents/Classes/jsse.jar:/System/Library/Java/JavaVirtualMachines/1.6.0.jdk/Contents/Classes/jce.jar:/System/Library/Java/JavaVirtualMachines/1.6.0.jdk/Contents/Classes/charsets.jar"/>
    <property name="java.vendor" value="Apple Inc."/>
    <property name="localRepository" value="/Users/jesper/.m2/repository"/>
    <property name="file.separator" value="/"/>
    <property name="java.vendor.url.bug" value="http://bugreport.apple.com/"/>
    <property name="sun.cpu.endian" value="little"/>
    <property name="sun.io.unicode.encoding" value="UnicodeLittle"/>
    <property name="mrj.version" value="1070.1.6.0_26-383"/>
    <property name="socksNonProxyHosts" value="local|*.local|169.254/16|*.169.254/16"/>
    <property name="ftp.nonProxyHosts" value="local|*.local|169.254/16|*.169.254/16"/>
    <property name="sun.cpu.isalist" value=""/>
  </properties>
  <testcase time="0.424" classname="edu.chl.jesjos.jpa.CustomerTest" name="graphTest"/>
</testsuite>